Analysis & Synthesis report for DE0_ANNICK
Sat Mar 23 09:20:51 2024
Quartus Prime Version 18.1.0 Build 625 09/12/2018 SJ Lite Edition


---------------------
; Table of Contents ;
---------------------
  1. Legal Notice
  2. Analysis & Synthesis Summary
  3. Analysis & Synthesis Settings
  4. Parallel Compilation
  5. Analysis & Synthesis Messages
  6. Analysis & Synthesis Suppressed Messages



----------------
; Legal Notice ;
----------------
Copyright (C) 2018  Intel Corporation. All rights reserved.
Your use of Intel Corporation's design tools, logic functions 
and other software and tools, and its AMPP partner logic 
functions, and any output files from any of the foregoing 
(including device programming or simulation files), and any 
associated documentation or information are expressly subject 
to the terms and conditions of the Intel Program License 
Subscription Agreement, the Intel Quartus Prime License Agreement,
the Intel FPGA IP License Agreement, or other applicable license
agreement, including, without limitation, that your use is for
the sole purpose of programming logic devices manufactured by
Intel and sold by Intel or its authorized distributors.  Please
refer to the applicable agreement for further details.



+----------------------------------------------------------------------------------+
; Analysis & Synthesis Summary                                                     ;
+------------------------------------+---------------------------------------------+
; Analysis & Synthesis Status        ; Failed - Sat Mar 23 09:20:51 2024           ;
; Quartus Prime Version              ; 18.1.0 Build 625 09/12/2018 SJ Lite Edition ;
; Revision Name                      ; DE0_ANNICK                                  ;
; Top-level Entity Name              ; DE0_ANNICK                                  ;
; Family                             ; Cyclone IV E                                ;
; Total logic elements               ; N/A until Partition Merge                   ;
;     Total combinational functions  ; N/A until Partition Merge                   ;
;     Dedicated logic registers      ; N/A until Partition Merge                   ;
; Total registers                    ; N/A until Partition Merge                   ;
; Total pins                         ; N/A until Partition Merge                   ;
; Total virtual pins                 ; N/A until Partition Merge                   ;
; Total memory bits                  ; N/A until Partition Merge                   ;
; Embedded Multiplier 9-bit elements ; N/A until Partition Merge                   ;
; Total PLLs                         ; N/A until Partition Merge                   ;
+------------------------------------+---------------------------------------------+


+------------------------------------------------------------------------------------------------------------+
; Analysis & Synthesis Settings                                                                              ;
+------------------------------------------------------------------+--------------------+--------------------+
; Option                                                           ; Setting            ; Default Value      ;
+------------------------------------------------------------------+--------------------+--------------------+
; Device                                                           ; EP4CE22F17C6       ;                    ;
; Top-level entity name                                            ; DE0_ANNICK         ; DE0_ANNICK         ;
; Family name                                                      ; Cyclone IV E       ; Cyclone V          ;
; Use smart compilation                                            ; Off                ; Off                ;
; Enable parallel Assembler and Timing Analyzer during compilation ; On                 ; On                 ;
; Enable compact report table                                      ; Off                ; Off                ;
; Restructure Multiplexers                                         ; Auto               ; Auto               ;
; Create Debugging Nodes for IP Cores                              ; Off                ; Off                ;
; Preserve fewer node names                                        ; On                 ; On                 ;
; Intel FPGA IP Evaluation Mode                                    ; Enable             ; Enable             ;
; Verilog Version                                                  ; Verilog_2001       ; Verilog_2001       ;
; VHDL Version                                                     ; VHDL_1993          ; VHDL_1993          ;
; State Machine Processing                                         ; Auto               ; Auto               ;
; Safe State Machine                                               ; Off                ; Off                ;
; Extract Verilog State Machines                                   ; On                 ; On                 ;
; Extract VHDL State Machines                                      ; On                 ; On                 ;
; Ignore Verilog initial constructs                                ; Off                ; Off                ;
; Iteration limit for constant Verilog loops                       ; 5000               ; 5000               ;
; Iteration limit for non-constant Verilog loops                   ; 250                ; 250                ;
; Add Pass-Through Logic to Inferred RAMs                          ; On                 ; On                 ;
; Infer RAMs from Raw Logic                                        ; On                 ; On                 ;
; Parallel Synthesis                                               ; On                 ; On                 ;
; DSP Block Balancing                                              ; Auto               ; Auto               ;
; NOT Gate Push-Back                                               ; On                 ; On                 ;
; Power-Up Don't Care                                              ; On                 ; On                 ;
; Remove Redundant Logic Cells                                     ; Off                ; Off                ;
; Remove Duplicate Registers                                       ; On                 ; On                 ;
; Ignore CARRY Buffers                                             ; Off                ; Off                ;
; Ignore CASCADE Buffers                                           ; Off                ; Off                ;
; Ignore GLOBAL Buffers                                            ; Off                ; Off                ;
; Ignore ROW GLOBAL Buffers                                        ; Off                ; Off                ;
; Ignore LCELL Buffers                                             ; Off                ; Off                ;
; Ignore SOFT Buffers                                              ; On                 ; On                 ;
; Limit AHDL Integers to 32 Bits                                   ; Off                ; Off                ;
; Optimization Technique                                           ; Balanced           ; Balanced           ;
; Carry Chain Length                                               ; 70                 ; 70                 ;
; Auto Carry Chains                                                ; On                 ; On                 ;
; Auto Open-Drain Pins                                             ; On                 ; On                 ;
; Perform WYSIWYG Primitive Resynthesis                            ; Off                ; Off                ;
; Auto ROM Replacement                                             ; On                 ; On                 ;
; Auto RAM Replacement                                             ; On                 ; On                 ;
; Auto DSP Block Replacement                                       ; On                 ; On                 ;
; Auto Shift Register Replacement                                  ; Auto               ; Auto               ;
; Allow Shift Register Merging across Hierarchies                  ; Auto               ; Auto               ;
; Auto Clock Enable Replacement                                    ; On                 ; On                 ;
; Strict RAM Replacement                                           ; Off                ; Off                ;
; Allow Synchronous Control Signals                                ; On                 ; On                 ;
; Force Use of Synchronous Clear Signals                           ; Off                ; Off                ;
; Auto RAM Block Balancing                                         ; On                 ; On                 ;
; Auto RAM to Logic Cell Conversion                                ; Off                ; Off                ;
; Auto Resource Sharing                                            ; Off                ; Off                ;
; Allow Any RAM Size For Recognition                               ; Off                ; Off                ;
; Allow Any ROM Size For Recognition                               ; Off                ; Off                ;
; Allow Any Shift Register Size For Recognition                    ; Off                ; Off                ;
; Use LogicLock Constraints during Resource Balancing              ; On                 ; On                 ;
; Ignore translate_off and synthesis_off directives                ; Off                ; Off                ;
; Timing-Driven Synthesis                                          ; On                 ; On                 ;
; Report Parameter Settings                                        ; On                 ; On                 ;
; Report Source Assignments                                        ; On                 ; On                 ;
; Report Connectivity Checks                                       ; On                 ; On                 ;
; Ignore Maximum Fan-Out Assignments                               ; Off                ; Off                ;
; Synchronization Register Chain Length                            ; 2                  ; 2                  ;
; Power Optimization During Synthesis                              ; Normal compilation ; Normal compilation ;
; HDL message level                                                ; Level2             ; Level2             ;
; Suppress Register Optimization Related Messages                  ; Off                ; Off                ;
; Number of Removed Registers Reported in Synthesis Report         ; 5000               ; 5000               ;
; Number of Swept Nodes Reported in Synthesis Report               ; 5000               ; 5000               ;
; Number of Inverted Registers Reported in Synthesis Report        ; 100                ; 100                ;
; Clock MUX Protection                                             ; On                 ; On                 ;
; Auto Gated Clock Conversion                                      ; Off                ; Off                ;
; Block Design Naming                                              ; Auto               ; Auto               ;
; SDC constraint protection                                        ; Off                ; Off                ;
; Synthesis Effort                                                 ; Auto               ; Auto               ;
; Shift Register Replacement - Allow Asynchronous Clear Signal     ; On                 ; On                 ;
; Pre-Mapping Resynthesis Optimization                             ; Off                ; Off                ;
; Analysis & Synthesis Message Level                               ; Medium             ; Medium             ;
; Disable Register Merging Across Hierarchies                      ; Auto               ; Auto               ;
; Resource Aware Inference For Block RAM                           ; On                 ; On                 ;
+------------------------------------------------------------------+--------------------+--------------------+


+------------------------------------------+
; Parallel Compilation                     ;
+----------------------------+-------------+
; Processors                 ; Number      ;
+----------------------------+-------------+
; Number detected on machine ; 12          ;
; Maximum allowed            ; 6           ;
;                            ;             ;
; Average used               ; 1.00        ;
; Maximum used               ; 1           ;
;                            ;             ;
; Usage by Processor         ; % Time Used ;
;     Processor 1            ; 100.0%      ;
+----------------------------+-------------+


+-------------------------------+
; Analysis & Synthesis Messages ;
+-------------------------------+
Info: *******************************************************************
Info: Running Quartus Prime Analysis & Synthesis
    Info: Version 18.1.0 Build 625 09/12/2018 SJ Lite Edition
    Info: Processing started: Sat Mar 23 09:20:37 2024
Info: Command: quartus_map --read_settings_files=on --write_settings_files=off DE0_ANNICK -c DE0_ANNICK
Warning (18236): Number of processors has not been specified which may cause overloading on shared machines.  Set the global assignment NUM_PARALLEL_PROCESSORS in your QSF to an appropriate value for best performance.
Info (20030): Parallel compilation is enabled and will use 6 of the 6 processors detected
Warning (12125): Using design file de0_annick.sv, which is not specified as a design file for the current project, but contains definitions for 1 design units and 1 entities in project
    Info (12023): Found entity 1: DE0_ANNICK File: C:/Users/samue/OneDrive/Documents/UClouvain/Q7/Eurobot/CODE_ANNICK/Bot-annick/system_verilog/DE0-ANNICK/de0_annick.sv Line: 6
Warning (10236): Verilog HDL Implicit Net warning at de0_annick.sv(306): created implicit net for "clk_1_5" File: C:/Users/samue/OneDrive/Documents/UClouvain/Q7/Eurobot/CODE_ANNICK/Bot-annick/system_verilog/DE0-ANNICK/de0_annick.sv Line: 306
Warning (10236): Verilog HDL Implicit Net warning at de0_annick.sv(403): created implicit net for "micro_switch_5" File: C:/Users/samue/OneDrive/Documents/UClouvain/Q7/Eurobot/CODE_ANNICK/Bot-annick/system_verilog/DE0-ANNICK/de0_annick.sv Line: 403
Info (12127): Elaborating entity "DE0_ANNICK" for the top level hierarchy
Warning (10230): Verilog HDL assignment warning at de0_annick.sv(303): truncated value with size 32 to match size of target (5) File: C:/Users/samue/OneDrive/Documents/UClouvain/Q7/Eurobot/CODE_ANNICK/Bot-annick/system_verilog/DE0-ANNICK/de0_annick.sv Line: 303
Warning (10030): Net "micro_switch_data[30..25]" at de0_annick.sv(335) has no driver or initial value, using a default initial value '0' File: C:/Users/samue/OneDrive/Documents/UClouvain/Q7/Eurobot/CODE_ANNICK/Bot-annick/system_verilog/DE0-ANNICK/de0_annick.sv Line: 335
Warning (10030): Net "micro_switch_data[23..17]" at de0_annick.sv(335) has no driver or initial value, using a default initial value '0' File: C:/Users/samue/OneDrive/Documents/UClouvain/Q7/Eurobot/CODE_ANNICK/Bot-annick/system_verilog/DE0-ANNICK/de0_annick.sv Line: 335
Warning (10030): Net "micro_switch_data[15..9]" at de0_annick.sv(335) has no driver or initial value, using a default initial value '0' File: C:/Users/samue/OneDrive/Documents/UClouvain/Q7/Eurobot/CODE_ANNICK/Bot-annick/system_verilog/DE0-ANNICK/de0_annick.sv Line: 335
Warning (10030): Net "micro_switch_data[7..1]" at de0_annick.sv(335) has no driver or initial value, using a default initial value '0' File: C:/Users/samue/OneDrive/Documents/UClouvain/Q7/Eurobot/CODE_ANNICK/Bot-annick/system_verilog/DE0-ANNICK/de0_annick.sv Line: 335
Warning (10034): Output port "LED" at de0_annick.sv(74) has no driver File: C:/Users/samue/OneDrive/Documents/UClouvain/Q7/Eurobot/CODE_ANNICK/Bot-annick/system_verilog/DE0-ANNICK/de0_annick.sv Line: 74
Warning (10034): Output port "DRAM_ADDR" at de0_annick.sv(83) has no driver File: C:/Users/samue/OneDrive/Documents/UClouvain/Q7/Eurobot/CODE_ANNICK/Bot-annick/system_verilog/DE0-ANNICK/de0_annick.sv Line: 83
Warning (10034): Output port "DRAM_BA" at de0_annick.sv(84) has no driver File: C:/Users/samue/OneDrive/Documents/UClouvain/Q7/Eurobot/CODE_ANNICK/Bot-annick/system_verilog/DE0-ANNICK/de0_annick.sv Line: 84
Warning (10034): Output port "DRAM_DQM" at de0_annick.sv(90) has no driver File: C:/Users/samue/OneDrive/Documents/UClouvain/Q7/Eurobot/CODE_ANNICK/Bot-annick/system_verilog/DE0-ANNICK/de0_annick.sv Line: 90
Warning (10034): Output port "DRAM_CAS_N" at de0_annick.sv(85) has no driver File: C:/Users/samue/OneDrive/Documents/UClouvain/Q7/Eurobot/CODE_ANNICK/Bot-annick/system_verilog/DE0-ANNICK/de0_annick.sv Line: 85
Warning (10034): Output port "DRAM_CKE" at de0_annick.sv(86) has no driver File: C:/Users/samue/OneDrive/Documents/UClouvain/Q7/Eurobot/CODE_ANNICK/Bot-annick/system_verilog/DE0-ANNICK/de0_annick.sv Line: 86
Warning (10034): Output port "DRAM_CLK" at de0_annick.sv(87) has no driver File: C:/Users/samue/OneDrive/Documents/UClouvain/Q7/Eurobot/CODE_ANNICK/Bot-annick/system_verilog/DE0-ANNICK/de0_annick.sv Line: 87
Warning (10034): Output port "DRAM_CS_N" at de0_annick.sv(88) has no driver File: C:/Users/samue/OneDrive/Documents/UClouvain/Q7/Eurobot/CODE_ANNICK/Bot-annick/system_verilog/DE0-ANNICK/de0_annick.sv Line: 88
Warning (10034): Output port "DRAM_RAS_N" at de0_annick.sv(91) has no driver File: C:/Users/samue/OneDrive/Documents/UClouvain/Q7/Eurobot/CODE_ANNICK/Bot-annick/system_verilog/DE0-ANNICK/de0_annick.sv Line: 91
Warning (10034): Output port "DRAM_WE_N" at de0_annick.sv(92) has no driver File: C:/Users/samue/OneDrive/Documents/UClouvain/Q7/Eurobot/CODE_ANNICK/Bot-annick/system_verilog/DE0-ANNICK/de0_annick.sv Line: 92
Warning (10034): Output port "EPCS_ASDO" at de0_annick.sv(95) has no driver File: C:/Users/samue/OneDrive/Documents/UClouvain/Q7/Eurobot/CODE_ANNICK/Bot-annick/system_verilog/DE0-ANNICK/de0_annick.sv Line: 95
Warning (10034): Output port "EPCS_DCLK" at de0_annick.sv(97) has no driver File: C:/Users/samue/OneDrive/Documents/UClouvain/Q7/Eurobot/CODE_ANNICK/Bot-annick/system_verilog/DE0-ANNICK/de0_annick.sv Line: 97
Warning (10034): Output port "EPCS_NCSO" at de0_annick.sv(98) has no driver File: C:/Users/samue/OneDrive/Documents/UClouvain/Q7/Eurobot/CODE_ANNICK/Bot-annick/system_verilog/DE0-ANNICK/de0_annick.sv Line: 98
Warning (10034): Output port "I2C_SCLK" at de0_annick.sv(101) has no driver File: C:/Users/samue/OneDrive/Documents/UClouvain/Q7/Eurobot/CODE_ANNICK/Bot-annick/system_verilog/DE0-ANNICK/de0_annick.sv Line: 101
Warning (12125): Using design file spi_slave.sv, which is not specified as a design file for the current project, but contains definitions for 1 design units and 1 entities in project
    Info (12023): Found entity 1: spi_slave File: C:/Users/samue/OneDrive/Documents/UClouvain/Q7/Eurobot/CODE_ANNICK/Bot-annick/system_verilog/DE0-ANNICK/spi_slave.sv Line: 6
Info (12128): Elaborating entity "spi_slave" for hierarchy "spi_slave:spi_slave_inst" File: C:/Users/samue/OneDrive/Documents/UClouvain/Q7/Eurobot/CODE_ANNICK/Bot-annick/system_verilog/DE0-ANNICK/de0_annick.sv Line: 196
Warning (12125): Using design file odometer.sv, which is not specified as a design file for the current project, but contains definitions for 1 design units and 1 entities in project
    Info (12023): Found entity 1: odometer File: C:/Users/samue/OneDrive/Documents/UClouvain/Q7/Eurobot/CODE_ANNICK/Bot-annick/system_verilog/DE0-ANNICK/odometer.sv Line: 2
Info (12128): Elaborating entity "odometer" for hierarchy "odometer:odoL" File: C:/Users/samue/OneDrive/Documents/UClouvain/Q7/Eurobot/CODE_ANNICK/Bot-annick/system_verilog/DE0-ANNICK/de0_annick.sv Line: 207
Error (10200): Verilog HDL Conditional Statement error at odometer.sv(19): cannot match operand(s) in the condition to the corresponding edges in the enclosing event control of the always construct File: C:/Users/samue/OneDrive/Documents/UClouvain/Q7/Eurobot/CODE_ANNICK/Bot-annick/system_verilog/DE0-ANNICK/odometer.sv Line: 19
Error (10200): Verilog HDL Conditional Statement error at odometer.sv(24): cannot match operand(s) in the condition to the corresponding edges in the enclosing event control of the always construct File: C:/Users/samue/OneDrive/Documents/UClouvain/Q7/Eurobot/CODE_ANNICK/Bot-annick/system_verilog/DE0-ANNICK/odometer.sv Line: 24
Error (10200): Verilog HDL Conditional Statement error at odometer.sv(29): cannot match operand(s) in the condition to the corresponding edges in the enclosing event control of the always construct File: C:/Users/samue/OneDrive/Documents/UClouvain/Q7/Eurobot/CODE_ANNICK/Bot-annick/system_verilog/DE0-ANNICK/odometer.sv Line: 29
Error (10200): Verilog HDL Conditional Statement error at odometer.sv(34): cannot match operand(s) in the condition to the corresponding edges in the enclosing event control of the always construct File: C:/Users/samue/OneDrive/Documents/UClouvain/Q7/Eurobot/CODE_ANNICK/Bot-annick/system_verilog/DE0-ANNICK/odometer.sv Line: 34
Error (10028): Can't resolve multiple constant drivers for net "count_odo_A_pos[31]" at odometer.sv(20) File: C:/Users/samue/OneDrive/Documents/UClouvain/Q7/Eurobot/CODE_ANNICK/Bot-annick/system_verilog/DE0-ANNICK/odometer.sv Line: 20
Error (10029): Constant driver at odometer.sv(11) File: C:/Users/samue/OneDrive/Documents/UClouvain/Q7/Eurobot/CODE_ANNICK/Bot-annick/system_verilog/DE0-ANNICK/odometer.sv Line: 11
Error (10028): Can't resolve multiple constant drivers for net "count_odo_A_pos[30]" at odometer.sv(20) File: C:/Users/samue/OneDrive/Documents/UClouvain/Q7/Eurobot/CODE_ANNICK/Bot-annick/system_verilog/DE0-ANNICK/odometer.sv Line: 20
Error (10028): Can't resolve multiple constant drivers for net "count_odo_A_pos[29]" at odometer.sv(20) File: C:/Users/samue/OneDrive/Documents/UClouvain/Q7/Eurobot/CODE_ANNICK/Bot-annick/system_verilog/DE0-ANNICK/odometer.sv Line: 20
Error (10028): Can't resolve multiple constant drivers for net "count_odo_A_pos[28]" at odometer.sv(20) File: C:/Users/samue/OneDrive/Documents/UClouvain/Q7/Eurobot/CODE_ANNICK/Bot-annick/system_verilog/DE0-ANNICK/odometer.sv Line: 20
Error (10028): Can't resolve multiple constant drivers for net "count_odo_A_pos[27]" at odometer.sv(20) File: C:/Users/samue/OneDrive/Documents/UClouvain/Q7/Eurobot/CODE_ANNICK/Bot-annick/system_verilog/DE0-ANNICK/odometer.sv Line: 20
Error (10028): Can't resolve multiple constant drivers for net "count_odo_A_pos[26]" at odometer.sv(20) File: C:/Users/samue/OneDrive/Documents/UClouvain/Q7/Eurobot/CODE_ANNICK/Bot-annick/system_verilog/DE0-ANNICK/odometer.sv Line: 20
Error (10028): Can't resolve multiple constant drivers for net "count_odo_A_pos[25]" at odometer.sv(20) File: C:/Users/samue/OneDrive/Documents/UClouvain/Q7/Eurobot/CODE_ANNICK/Bot-annick/system_verilog/DE0-ANNICK/odometer.sv Line: 20
Error (10028): Can't resolve multiple constant drivers for net "count_odo_A_pos[24]" at odometer.sv(20) File: C:/Users/samue/OneDrive/Documents/UClouvain/Q7/Eurobot/CODE_ANNICK/Bot-annick/system_verilog/DE0-ANNICK/odometer.sv Line: 20
Error (10028): Can't resolve multiple constant drivers for net "count_odo_A_pos[23]" at odometer.sv(20) File: C:/Users/samue/OneDrive/Documents/UClouvain/Q7/Eurobot/CODE_ANNICK/Bot-annick/system_verilog/DE0-ANNICK/odometer.sv Line: 20
Error (10028): Can't resolve multiple constant drivers for net "count_odo_A_pos[22]" at odometer.sv(20) File: C:/Users/samue/OneDrive/Documents/UClouvain/Q7/Eurobot/CODE_ANNICK/Bot-annick/system_verilog/DE0-ANNICK/odometer.sv Line: 20
Error (10028): Can't resolve multiple constant drivers for net "count_odo_A_pos[21]" at odometer.sv(20) File: C:/Users/samue/OneDrive/Documents/UClouvain/Q7/Eurobot/CODE_ANNICK/Bot-annick/system_verilog/DE0-ANNICK/odometer.sv Line: 20
Error (10028): Can't resolve multiple constant drivers for net "count_odo_A_pos[20]" at odometer.sv(20) File: C:/Users/samue/OneDrive/Documents/UClouvain/Q7/Eurobot/CODE_ANNICK/Bot-annick/system_verilog/DE0-ANNICK/odometer.sv Line: 20
Error (10028): Can't resolve multiple constant drivers for net "count_odo_A_pos[19]" at odometer.sv(20) File: C:/Users/samue/OneDrive/Documents/UClouvain/Q7/Eurobot/CODE_ANNICK/Bot-annick/system_verilog/DE0-ANNICK/odometer.sv Line: 20
Error (10028): Can't resolve multiple constant drivers for net "count_odo_A_pos[18]" at odometer.sv(20) File: C:/Users/samue/OneDrive/Documents/UClouvain/Q7/Eurobot/CODE_ANNICK/Bot-annick/system_verilog/DE0-ANNICK/odometer.sv Line: 20
Error (10028): Can't resolve multiple constant drivers for net "count_odo_A_pos[17]" at odometer.sv(20) File: C:/Users/samue/OneDrive/Documents/UClouvain/Q7/Eurobot/CODE_ANNICK/Bot-annick/system_verilog/DE0-ANNICK/odometer.sv Line: 20
Error (10028): Can't resolve multiple constant drivers for net "count_odo_A_pos[16]" at odometer.sv(20) File: C:/Users/samue/OneDrive/Documents/UClouvain/Q7/Eurobot/CODE_ANNICK/Bot-annick/system_verilog/DE0-ANNICK/odometer.sv Line: 20
Error (10028): Can't resolve multiple constant drivers for net "count_odo_A_pos[15]" at odometer.sv(20) File: C:/Users/samue/OneDrive/Documents/UClouvain/Q7/Eurobot/CODE_ANNICK/Bot-annick/system_verilog/DE0-ANNICK/odometer.sv Line: 20
Error (10028): Can't resolve multiple constant drivers for net "count_odo_A_pos[14]" at odometer.sv(20) File: C:/Users/samue/OneDrive/Documents/UClouvain/Q7/Eurobot/CODE_ANNICK/Bot-annick/system_verilog/DE0-ANNICK/odometer.sv Line: 20
Error (12152): Can't elaborate user hierarchy "odometer:odoL" File: C:/Users/samue/OneDrive/Documents/UClouvain/Q7/Eurobot/CODE_ANNICK/Bot-annick/system_verilog/DE0-ANNICK/de0_annick.sv Line: 207
Info (144001): Generated suppressed messages file C:/Users/samue/OneDrive/Documents/UClouvain/Q7/Eurobot/CODE_ANNICK/Bot-annick/system_verilog/DE0-ANNICK/DE0_ANNICK.map.smsg
Error: Quartus Prime Analysis & Synthesis was unsuccessful. 24 errors, 25 warnings
    Error: Peak virtual memory: 4716 megabytes
    Error: Processing ended: Sat Mar 23 09:20:51 2024
    Error: Elapsed time: 00:00:14
    Error: Total CPU time (on all processors): 00:00:11


+------------------------------------------+
; Analysis & Synthesis Suppressed Messages ;
+------------------------------------------+
The suppressed messages can be found in C:/Users/samue/OneDrive/Documents/UClouvain/Q7/Eurobot/CODE_ANNICK/Bot-annick/system_verilog/DE0-ANNICK/DE0_ANNICK.map.smsg.


